#-----------------------------------------------------------
# Vivado v2019.1 (64-bit)
# SW Build 2552052 on Fri May 24 14:49:42 MDT 2019
# IP Build 2548770 on Fri May 24 18:01:18 MDT 2019
# Start of session at: Sun Dec  8 19:23:32 2019
# Process ID: 18096
# Current directory: D:/ARCHIVOS/sed/Proyecto_Jukebox
# Command line: vivado.exe -gui_launcher_event rodinguilauncherevent8164 D:\ARCHIVOS\sed\Proyecto_Jukebox\Proyecto_Jukebox.xpr
# Log file: D:/ARCHIVOS/sed/Proyecto_Jukebox/vivado.log
# Journal file: D:/ARCHIVOS/sed/Proyecto_Jukebox\vivado.jou
#-----------------------------------------------------------
start_gui
open_project D:/ARCHIVOS/sed/Proyecto_Jukebox/Proyecto_Jukebox.xpr
INFO: [Project 1-313] Project file moved from 'D:/UPM/4.1/SED - Sistemas Electronicos Digitales/TRABAJOS/Trabajo FPGA - Jukebox/Proyecto_Jukebox' since last save.
Scanning sources...
Finished scanning sources
INFO: [IP_Flow 19-234] Refreshing IP repositories
INFO: [IP_Flow 19-1704] No user IP repositories specified
INFO: [IP_Flow 19-2313] Loaded Vivado IP repository 'D:/Xilix/Vivado/2019.1/data/ip'.
open_project: Time (s): cpu = 00:00:17 ; elapsed = 00:00:07 . Memory (MB): peak = 743.633 ; gain = 107.969
update_compile_order -fileset sources_1
update_compile_order -fileset sim_1
ERROR: [Vivado 12-106] *** Exception: java.lang.RuntimeException: javax.imageio.IIOException: Error skipping PNG metadata (See D:/ARCHIVOS/sed/Proyecto_Jukebox/vivado_pid18096.debug)
ERROR: [Vivado 12-106] *** Exception: java.lang.RuntimeException: javax.imageio.IIOException: Error skipping PNG metadata (See D:/ARCHIVOS/sed/Proyecto_Jukebox/vivado_pid18096.debug)
ERROR: [Vivado 12-106] *** Exception: java.lang.RuntimeException: javax.imageio.IIOException: Error skipping PNG metadata (See D:/ARCHIVOS/sed/Proyecto_Jukebox/vivado_pid18096.debug)
ERROR: [Vivado 12-106] *** Exception: java.lang.RuntimeException: javax.imageio.IIOException: Error skipping PNG metadata (See D:/ARCHIVOS/sed/Proyecto_Jukebox/vivado_pid18096.debug)
ERROR: [Vivado 12-106] *** Exception: java.lang.RuntimeException: javax.imageio.IIOException: Error skipping PNG metadata (See D:/ARCHIVOS/sed/Proyecto_Jukebox/vivado_pid18096.debug)
ERROR: [Vivado 12-106] *** Exception: java.lang.RuntimeException: javax.imageio.IIOException: Error skipping PNG metadata (See D:/ARCHIVOS/sed/Proyecto_Jukebox/vivado_pid18096.debug)
ERROR: [Vivado 12-106] *** Exception: java.lang.RuntimeException: javax.imageio.IIOException: Error skipping PNG metadata (See D:/ARCHIVOS/sed/Proyecto_Jukebox/vivado_pid18096.debug)
ERROR: [Vivado 12-106] *** Exception: java.lang.RuntimeException: javax.imageio.IIOException: Error skipping PNG metadata (See D:/ARCHIVOS/sed/Proyecto_Jukebox/vivado_pid18096.debug)
ERROR: [Vivado 12-106] *** Exception: java.lang.RuntimeException: javax.imageio.IIOException: Error skipping PNG metadata (See D:/ARCHIVOS/sed/Proyecto_Jukebox/vivado_pid18096.debug)
ERROR: [Vivado 12-106] *** Exception: java.lang.RuntimeException: javax.imageio.IIOException: Error skipping PNG metadata (See D:/ARCHIVOS/sed/Proyecto_Jukebox/vivado_pid18096.debug)
ERROR: [Vivado 12-106] *** Exception: java.lang.RuntimeException: javax.imageio.IIOException: Error skipping PNG metadata (See D:/ARCHIVOS/sed/Proyecto_Jukebox/vivado_pid18096.debug)
ERROR: [Vivado 12-106] *** Exception: java.lang.RuntimeException: javax.imageio.IIOException: Error skipping PNG metadata (See D:/ARCHIVOS/sed/Proyecto_Jukebox/vivado_pid18096.debug)
ERROR: [Vivado 12-106] *** Exception: java.lang.RuntimeException: javax.imageio.IIOException: Error skipping PNG metadata (See D:/ARCHIVOS/sed/Proyecto_Jukebox/vivado_pid18096.debug)
ERROR: [Vivado 12-106] *** Exception: java.lang.RuntimeException: javax.imageio.IIOException: Error skipping PNG metadata (See D:/ARCHIVOS/sed/Proyecto_Jukebox/vivado_pid18096.debug)
ERROR: [Vivado 12-106] *** Exception: java.lang.RuntimeException: javax.imageio.IIOException: Error skipping PNG metadata (See D:/ARCHIVOS/sed/Proyecto_Jukebox/vivado_pid18096.debug)
ERROR: [Vivado 12-106] *** Exception: java.lang.RuntimeException: javax.imageio.IIOException: Error skipping PNG metadata (See D:/ARCHIVOS/sed/Proyecto_Jukebox/vivado_pid18096.debug)
ERROR: [Vivado 12-106] *** Exception: java.lang.RuntimeException: javax.imageio.IIOException: Error skipping PNG metadata (See D:/ARCHIVOS/sed/Proyecto_Jukebox/vivado_pid18096.debug)
ERROR: [Vivado 12-106] *** Exception: java.lang.RuntimeException: javax.imageio.IIOException: Error skipping PNG metadata (See D:/ARCHIVOS/sed/Proyecto_Jukebox/vivado_pid18096.debug)
ERROR: [Vivado 12-106] *** Exception: java.lang.RuntimeException: javax.imageio.IIOException: Error skipping PNG metadata (See D:/ARCHIVOS/sed/Proyecto_Jukebox/vivado_pid18096.debug)
ERROR: [Vivado 12-106] *** Exception: java.lang.RuntimeException: javax.imageio.IIOException: Error skipping PNG metadata (See D:/ARCHIVOS/sed/Proyecto_Jukebox/vivado_pid18096.debug)
ERROR: [Vivado 12-106] *** Exception: java.lang.RuntimeException: javax.imageio.IIOException: Error skipping PNG metadata (See D:/ARCHIVOS/sed/Proyecto_Jukebox/vivado_pid18096.debug)
ERROR: [Vivado 12-106] *** Exception: java.lang.RuntimeException: javax.imageio.IIOException: Error skipping PNG metadata (See D:/ARCHIVOS/sed/Proyecto_Jukebox/vivado_pid18096.debug)
ERROR: [Vivado 12-106] *** Exception: java.lang.RuntimeException: javax.imageio.IIOException: Error skipping PNG metadata (See D:/ARCHIVOS/sed/Proyecto_Jukebox/vivado_pid18096.debug)
ERROR: [Vivado 12-106] *** Exception: java.lang.RuntimeException: javax.imageio.IIOException: Error skipping PNG metadata (See D:/ARCHIVOS/sed/Proyecto_Jukebox/vivado_pid18096.debug)
ERROR: [Vivado 12-106] *** Exception: java.lang.RuntimeException: javax.imageio.IIOException: Error skipping PNG metadata (See D:/ARCHIVOS/sed/Proyecto_Jukebox/vivado_pid18096.debug)
ERROR: [Vivado 12-106] *** Exception: java.lang.RuntimeException: javax.imageio.IIOException: Error skipping PNG metadata (See D:/ARCHIVOS/sed/Proyecto_Jukebox/vivado_pid18096.debug)
ERROR: [Vivado 12-106] *** Exception: java.lang.RuntimeException: javax.imageio.IIOException: Error skipping PNG metadata (See D:/ARCHIVOS/sed/Proyecto_Jukebox/vivado_pid18096.debug)
ERROR: [Vivado 12-106] *** Exception: java.lang.RuntimeException: javax.imageio.IIOException: Error skipping PNG metadata (See D:/ARCHIVOS/sed/Proyecto_Jukebox/vivado_pid18096.debug)
ERROR: [Vivado 12-106] *** Exception: java.lang.RuntimeException: javax.imageio.IIOException: Error skipping PNG metadata (See D:/ARCHIVOS/sed/Proyecto_Jukebox/vivado_pid18096.debug)
ERROR: [Vivado 12-106] *** Exception: java.lang.RuntimeException: javax.imageio.IIOException: Error skipping PNG metadata (See D:/ARCHIVOS/sed/Proyecto_Jukebox/vivado_pid18096.debug)
ERROR: [Vivado 12-106] *** Exception: java.lang.RuntimeException: javax.imageio.IIOException: Error skipping PNG metadata (See D:/ARCHIVOS/sed/Proyecto_Jukebox/vivado_pid18096.debug)
ERROR: [Vivado 12-106] *** Exception: java.lang.RuntimeException: javax.imageio.IIOException: Error skipping PNG metadata (See D:/ARCHIVOS/sed/Proyecto_Jukebox/vivado_pid18096.debug)
ERROR: [Vivado 12-106] *** Exception: java.lang.RuntimeException: javax.imageio.IIOException: Error skipping PNG metadata (See D:/ARCHIVOS/sed/Proyecto_Jukebox/vivado_pid18096.debug)
ERROR: [Vivado 12-106] *** Exception: java.lang.RuntimeException: javax.imageio.IIOException: Error skipping PNG metadata (See D:/ARCHIVOS/sed/Proyecto_Jukebox/vivado_pid18096.debug)
ERROR: [Vivado 12-106] *** Exception: java.lang.RuntimeException: javax.imageio.IIOException: Error skipping PNG metadata (See D:/ARCHIVOS/sed/Proyecto_Jukebox/vivado_pid18096.debug)
ERROR: [Vivado 12-106] *** Exception: java.lang.RuntimeException: javax.imageio.IIOException: Error skipping PNG metadata (See D:/ARCHIVOS/sed/Proyecto_Jukebox/vivado_pid18096.debug)
ERROR: [Vivado 12-106] *** Exception: java.lang.RuntimeException: javax.imageio.IIOException: Error skipping PNG metadata (See D:/ARCHIVOS/sed/Proyecto_Jukebox/vivado_pid18096.debug)
ERROR: [Vivado 12-106] *** Exception: java.lang.RuntimeException: javax.imageio.IIOException: Error skipping PNG metadata (See D:/ARCHIVOS/sed/Proyecto_Jukebox/vivado_pid18096.debug)
ERROR: [Vivado 12-106] *** Exception: java.lang.RuntimeException: javax.imageio.IIOException: Error skipping PNG metadata (See D:/ARCHIVOS/sed/Proyecto_Jukebox/vivado_pid18096.debug)
ERROR: [Vivado 12-106] *** Exception: java.lang.RuntimeException: javax.imageio.IIOException: Error skipping PNG metadata (See D:/ARCHIVOS/sed/Proyecto_Jukebox/vivado_pid18096.debug)
ERROR: [Vivado 12-106] *** Exception: java.lang.RuntimeException: javax.imageio.IIOException: Error skipping PNG metadata (See D:/ARCHIVOS/sed/Proyecto_Jukebox/vivado_pid18096.debug)
